<?xml version="1.0" encoding="UTF-8"?>
<!-- Generated by org.testng.reporters.JUnitReportReporter -->
<testsuite hostname="anjuuu" failures="0" tests="1" name="com.sevenmartsupermarket.tests.ManageDeliveryBoyTest" time="11.507" errors="0" timestamp="2023-12-30T22:46:30 IST" skipped="0">
  <testcase classname="com.sevenmartsupermarket.tests.ManageDeliveryBoyTest" name="add_NewDeliveryBoy" time="11.507"/>
  <system-out/>
</testsuite> <!-- com.sevenmartsupermarket.tests.ManageDeliveryBoyTest -->
