<?xml version="1.0" encoding="UTF-8"?>
<!-- Generated by org.testng.reporters.JUnitReportReporter -->
<testsuite hostname="anjuuu" failures="0" tests="2" name="com.sevenmartsupermarket.tests.LoginTest" time="52.903" errors="0" timestamp="2024-01-01T20:31:38 IST" skipped="0">
  <testcase classname="com.sevenmartsupermarket.tests.LoginTest" name="verify_InvalidLogin_ErrorMessage" time="7.599"/>
  <system-out/>
  <testcase classname="com.sevenmartsupermarket.tests.LoginTest" name="verifyLogin" time="45.304"/>
  <system-out/>
</testsuite> <!-- com.sevenmartsupermarket.tests.LoginTest -->
