<?xml version="1.0" encoding="UTF-8"?>
<!-- Generated by org.testng.reporters.JUnitReportReporter -->
<testsuite hostname="anjuuu" failures="0" tests="4" name="com.sevenmartsupermarket.tests.PushNotificationTest" time="88.799" errors="0" timestamp="2024-01-01T20:31:38 IST" skipped="0">
  <testcase classname="com.sevenmartsupermarket.tests.PushNotificationTest" name="verifyPushNotification_AlertMessage" time="6.021"/>
  <system-out/>
  <testcase classname="com.sevenmartsupermarket.tests.PushNotificationTest" name="verify_Alert" time="62.217"/>
  <system-out/>
  <testcase classname="com.sevenmartsupermarket.tests.PushNotificationTest" name="verify_Alert" time="13.123"/>
  <system-out/>
  <testcase classname="com.sevenmartsupermarket.tests.PushNotificationTest" name="verifyPushNotification_AlertMessage" time="7.438"/>
  <system-out/>
</testsuite> <!-- com.sevenmartsupermarket.tests.PushNotificationTest -->
