<?xml version="1.0" encoding="UTF-8"?>
<!-- Generated by org.testng.reporters.JUnitReportReporter -->
<testsuite hostname="anjuuu" failures="0" tests="2" name="com.sevenmartsupermarket.tests.AddOfferTest" time="71.048" errors="0" timestamp="2024-01-01T07:59:19 IST" skipped="0">
  <testcase classname="com.sevenmartsupermarket.tests.AddOfferTest" name="verify_NewOffer" time="59.445"/>
  <system-out/>
  <testcase classname="com.sevenmartsupermarket.tests.AddOfferTest" name="verify_AddOffers" time="11.603"/>
  <system-out/>
</testsuite> <!-- com.sevenmartsupermarket.tests.AddOfferTest -->
