<?xml version="1.0" encoding="UTF-8"?>
<!-- Generated by org.testng.reporters.JUnitReportReporter -->
<testsuite hostname="anjuuu" failures="0" tests="1" name="com.sevenmartsupermarket.tests.NamesTest" time="11.034" errors="0" timestamp="2023-12-28T14:34:09 IST" skipped="0">
  <testcase classname="com.sevenmartsupermarket.tests.NamesTest" name="listPrint" time="11.034"/>
  <system-out/>
</testsuite> <!-- com.sevenmartsupermarket.tests.NamesTest -->
